[1546327]   WARN - lij.database.util.ErrorHandler - Cannot add foreign key constraint 
java.sql.SQLException: Cannot add foreign key constraint
	at com.mysql.jdbc.SQLError.createSQLException(SQLError.java:998)
	at com.mysql.jdbc.MysqlIO.checkErrorPacket(MysqlIO.java:3835)
	at com.mysql.jdbc.MysqlIO.checkErrorPacket(MysqlIO.java:3771)
	at com.mysql.jdbc.MysqlIO.sendCommand(MysqlIO.java:2435)
	at com.mysql.jdbc.MysqlIO.sqlQueryDirect(MysqlIO.java:2582)
	at com.mysql.jdbc.ConnectionImpl.execSQL(ConnectionImpl.java:2531)
	at com.mysql.jdbc.StatementImpl.executeUpdate(StatementImpl.java:1618)
	at com.mysql.jdbc.StatementImpl.executeUpdate(StatementImpl.java:1549)
	at com.intellij.database.remote.jdbc.impl.RemoteStatementImpl.executeUpdate(RemoteStatementImpl.java:158)
	at sun.reflect.NativeMethodAccessorImpl.invoke0(Native Method)
	at sun.reflect.NativeMethodAccessorImpl.invoke(NativeMethodAccessorImpl.java:62)
	at sun.reflect.DelegatingMethodAccessorImpl.invoke(DelegatingMethodAccessorImpl.java:43)
	at java.lang.reflect.Method.invoke(Method.java:498)
	at sun.rmi.server.UnicastServerRef.dispatch(UnicastServerRef.java:323)
	at sun.rmi.transport.Transport$1.run(Transport.java:200)
	at sun.rmi.transport.Transport$1.run(Transport.java:197)
	at java.security.AccessController.doPrivileged(Native Method)
	at sun.rmi.transport.Transport.serviceCall(Transport.java:196)
	at sun.rmi.transport.tcp.TCPTransport.handleMessages(TCPTransport.java:568)
	at sun.rmi.transport.tcp.TCPTransport$ConnectionHandler.run0(TCPTransport.java:826)
	at sun.rmi.transport.tcp.TCPTransport$ConnectionHandler.lambda$run$0(TCPTransport.java:683)
	at java.security.AccessController.doPrivileged(Native Method)
	at sun.rmi.transport.tcp.TCPTransport$ConnectionHandler.run(TCPTransport.java:682)
	at java.util.concurrent.ThreadPoolExecutor.runWorker(ThreadPoolExecutor.java:1142)
	at java.util.concurrent.ThreadPoolExecutor$Worker.run(ThreadPoolExecutor.java:617)
	at java.lang.Thread.run(Thread.java:745)
	at sun.rmi.transport.StreamRemoteCall.exceptionReceivedFromServer(StreamRemoteCall.java:276)
	at sun.rmi.transport.StreamRemoteCall.executeCall(StreamRemoteCall.java:253)
	at sun.rmi.server.UnicastRef.invoke(UnicastRef.java:162)
	at java.rmi.server.RemoteObjectInvocationHandler.invokeRemoteMethod(RemoteObjectInvocationHandler.java:227)
	at java.rmi.server.RemoteObjectInvocationHandler.invoke(RemoteObjectInvocationHandler.java:179)
	at com.sun.proxy.$Proxy108.executeUpdate(Unknown Source)
	at sun.reflect.NativeMethodAccessorImpl.invoke0(Native Method)
	at sun.reflect.NativeMethodAccessorImpl.invoke(NativeMethodAccessorImpl.java:62)
	at sun.reflect.DelegatingMethodAccessorImpl.invoke(DelegatingMethodAccessorImpl.java:43)
	at java.lang.reflect.Method.invoke(Method.java:498)
	at com.intellij.execution.rmi.RemoteUtil.invokeRemote(RemoteUtil.java:169)
	at com.intellij.execution.rmi.RemoteUtil.access$300(RemoteUtil.java:36)
	at com.intellij.execution.rmi.RemoteUtil$RemoteInvocationHandler.invoke(RemoteUtil.java:274)
	at com.sun.proxy.$Proxy109.executeUpdate(Unknown Source)
	at com.intellij.database.view.DatabaseRefactoringHandler.executeQueries(DatabaseRefactoringHandler.java:91)
	at com.intellij.database.view.DatabaseRefactoringHandler.access$000(DatabaseRefactoringHandler.java:21)
	at com.intellij.database.view.DatabaseRefactoringHandler$RefactoringExecutor.execute(DatabaseRefactoringHandler.java:70)
	at com.intellij.database.view.AbstractDatabaseModifier$1.run(AbstractDatabaseModifier.java:101)
	at com.intellij.openapi.progress.impl.CoreProgressManager$TaskRunnable.run(CoreProgressManager.java:635)
	at com.intellij.openapi.progress.impl.CoreProgressManager$3.run(CoreProgressManager.java:170)
	at com.intellij.openapi.progress.impl.CoreProgressManager.a(CoreProgressManager.java:494)
	at com.intellij.openapi.progress.impl.CoreProgressManager.executeProcessUnderProgress(CoreProgressManager.java:443)
	at com.intellij.openapi.progress.impl.ProgressManagerImpl.executeProcessUnderProgress(ProgressManagerImpl.java:54)
	at com.intellij.openapi.progress.impl.CoreProgressManager.runProcess(CoreProgressManager.java:155)
	at com.intellij.openapi.progress.impl.ProgressManagerImpl$1.run(ProgressManagerImpl.java:128)
	at com.intellij.openapi.application.impl.ApplicationImpl$2.run(ApplicationImpl.java:307)
	at java.util.concurrent.Executors$RunnableAdapter.call(Executors.java:511)
	at java.util.concurrent.FutureTask.run(FutureTask.java:266)
	at java.util.concurrent.ThreadPoolExecutor.runWorker(ThreadPoolExecutor.java:1142)
	at java.util.concurrent.ThreadPoolExecutor$Worker.run(ThreadPoolExecutor.java:617)
	at java.lang.Thread.run(Thread.java:745)
[1755957]   WARN - lij.database.util.ErrorHandler - Cannot add foreign key constraint 
java.sql.SQLException: Cannot add foreign key constraint
	at com.mysql.jdbc.SQLError.createSQLException(SQLError.java:998)
	at com.mysql.jdbc.MysqlIO.checkErrorPacket(MysqlIO.java:3835)
	at com.mysql.jdbc.MysqlIO.checkErrorPacket(MysqlIO.java:3771)
	at com.mysql.jdbc.MysqlIO.sendCommand(MysqlIO.java:2435)
	at com.mysql.jdbc.MysqlIO.sqlQueryDirect(MysqlIO.java:2582)
	at com.mysql.jdbc.ConnectionImpl.execSQL(ConnectionImpl.java:2531)
	at com.mysql.jdbc.StatementImpl.executeUpdate(StatementImpl.java:1618)
	at com.mysql.jdbc.StatementImpl.executeUpdate(StatementImpl.java:1549)
	at com.intellij.database.remote.jdbc.impl.RemoteStatementImpl.executeUpdate(RemoteStatementImpl.java:158)
	at sun.reflect.NativeMethodAccessorImpl.invoke0(Native Method)
	at sun.reflect.NativeMethodAccessorImpl.invoke(NativeMethodAccessorImpl.java:62)
	at sun.reflect.DelegatingMethodAccessorImpl.invoke(DelegatingMethodAccessorImpl.java:43)
	at java.lang.reflect.Method.invoke(Method.java:498)
	at sun.rmi.server.UnicastServerRef.dispatch(UnicastServerRef.java:323)
	at sun.rmi.transport.Transport$1.run(Transport.java:200)
	at sun.rmi.transport.Transport$1.run(Transport.java:197)
	at java.security.AccessController.doPrivileged(Native Method)
	at sun.rmi.transport.Transport.serviceCall(Transport.java:196)
	at sun.rmi.transport.tcp.TCPTransport.handleMessages(TCPTransport.java:568)
	at sun.rmi.transport.tcp.TCPTransport$ConnectionHandler.run0(TCPTransport.java:826)
	at sun.rmi.transport.tcp.TCPTransport$ConnectionHandler.lambda$run$0(TCPTransport.java:683)
	at java.security.AccessController.doPrivileged(Native Method)
	at sun.rmi.transport.tcp.TCPTransport$ConnectionHandler.run(TCPTransport.java:682)
	at java.util.concurrent.ThreadPoolExecutor.runWorker(ThreadPoolExecutor.java:1142)
	at java.util.concurrent.ThreadPoolExecutor$Worker.run(ThreadPoolExecutor.java:617)
	at java.lang.Thread.run(Thread.java:745)
	at sun.rmi.transport.StreamRemoteCall.exceptionReceivedFromServer(StreamRemoteCall.java:276)
	at sun.rmi.transport.StreamRemoteCall.executeCall(StreamRemoteCall.java:253)
	at sun.rmi.server.UnicastRef.invoke(UnicastRef.java:162)
	at java.rmi.server.RemoteObjectInvocationHandler.invokeRemoteMethod(RemoteObjectInvocationHandler.java:227)
	at java.rmi.server.RemoteObjectInvocationHandler.invoke(RemoteObjectInvocationHandler.java:179)
	at com.sun.proxy.$Proxy108.executeUpdate(Unknown Source)
	at sun.reflect.NativeMethodAccessorImpl.invoke0(Native Method)
	at sun.reflect.NativeMethodAccessorImpl.invoke(NativeMethodAccessorImpl.java:62)
	at sun.reflect.DelegatingMethodAccessorImpl.invoke(DelegatingMethodAccessorImpl.java:43)
	at java.lang.reflect.Method.invoke(Method.java:498)
	at com.intellij.execution.rmi.RemoteUtil.invokeRemote(RemoteUtil.java:169)
	at com.intellij.execution.rmi.RemoteUtil.access$300(RemoteUtil.java:36)
	at com.intellij.execution.rmi.RemoteUtil$RemoteInvocationHandler.invoke(RemoteUtil.java:274)
	at com.sun.proxy.$Proxy109.executeUpdate(Unknown Source)
	at com.intellij.database.view.DatabaseRefactoringHandler.executeQueries(DatabaseRefactoringHandler.java:91)
	at com.intellij.database.view.DatabaseRefactoringHandler.access$000(DatabaseRefactoringHandler.java:21)
	at com.intellij.database.view.DatabaseRefactoringHandler$RefactoringExecutor.execute(DatabaseRefactoringHandler.java:70)
	at com.intellij.database.view.AbstractDatabaseModifier$1.run(AbstractDatabaseModifier.java:101)
	at com.intellij.openapi.progress.impl.CoreProgressManager$TaskRunnable.run(CoreProgressManager.java:635)
	at com.intellij.openapi.progress.impl.CoreProgressManager$3.run(CoreProgressManager.java:170)
	at com.intellij.openapi.progress.impl.CoreProgressManager.a(CoreProgressManager.java:494)
	at com.intellij.openapi.progress.impl.CoreProgressManager.executeProcessUnderProgress(CoreProgressManager.java:443)
	at com.intellij.openapi.progress.impl.ProgressManagerImpl.executeProcessUnderProgress(ProgressManagerImpl.java:54)
	at com.intellij.openapi.progress.impl.CoreProgressManager.runProcess(CoreProgressManager.java:155)
	at com.intellij.openapi.progress.impl.ProgressManagerImpl$1.run(ProgressManagerImpl.java:128)
	at com.intellij.openapi.application.impl.ApplicationImpl$2.run(ApplicationImpl.java:307)
	at java.util.concurrent.Executors$RunnableAdapter.call(Executors.java:511)
	at java.util.concurrent.FutureTask.run(FutureTask.java:266)
	at java.util.concurrent.ThreadPoolExecutor.runWorker(ThreadPoolExecutor.java:1142)
	at java.util.concurrent.ThreadPoolExecutor$Worker.run(ThreadPoolExecutor.java:617)
	at java.lang.Thread.run(Thread.java:745)
[2594864]   WARN - lij.database.util.ErrorHandler - Cannot add foreign key constraint 
java.sql.SQLException: Cannot add foreign key constraint
	at com.mysql.jdbc.SQLError.createSQLException(SQLError.java:998)
	at com.mysql.jdbc.MysqlIO.checkErrorPacket(MysqlIO.java:3835)
	at com.mysql.jdbc.MysqlIO.checkErrorPacket(MysqlIO.java:3771)
	at com.mysql.jdbc.MysqlIO.sendCommand(MysqlIO.java:2435)
	at com.mysql.jdbc.MysqlIO.sqlQueryDirect(MysqlIO.java:2582)
	at com.mysql.jdbc.ConnectionImpl.execSQL(ConnectionImpl.java:2531)
	at com.mysql.jdbc.StatementImpl.executeUpdate(StatementImpl.java:1618)
	at com.mysql.jdbc.StatementImpl.executeUpdate(StatementImpl.java:1549)
	at com.intellij.database.remote.jdbc.impl.RemoteStatementImpl.executeUpdate(RemoteStatementImpl.java:158)
	at sun.reflect.NativeMethodAccessorImpl.invoke0(Native Method)
	at sun.reflect.NativeMethodAccessorImpl.invoke(NativeMethodAccessorImpl.java:62)
	at sun.reflect.DelegatingMethodAccessorImpl.invoke(DelegatingMethodAccessorImpl.java:43)
	at java.lang.reflect.Method.invoke(Method.java:498)
	at sun.rmi.server.UnicastServerRef.dispatch(UnicastServerRef.java:323)
	at sun.rmi.transport.Transport$1.run(Transport.java:200)
	at sun.rmi.transport.Transport$1.run(Transport.java:197)
	at java.security.AccessController.doPrivileged(Native Method)
	at sun.rmi.transport.Transport.serviceCall(Transport.java:196)
	at sun.rmi.transport.tcp.TCPTransport.handleMessages(TCPTransport.java:568)
	at sun.rmi.transport.tcp.TCPTransport$ConnectionHandler.run0(TCPTransport.java:826)
	at sun.rmi.transport.tcp.TCPTransport$ConnectionHandler.lambda$run$0(TCPTransport.java:683)
	at java.security.AccessController.doPrivileged(Native Method)
	at sun.rmi.transport.tcp.TCPTransport$ConnectionHandler.run(TCPTransport.java:682)
	at java.util.concurrent.ThreadPoolExecutor.runWorker(ThreadPoolExecutor.java:1142)
	at java.util.concurrent.ThreadPoolExecutor$Worker.run(ThreadPoolExecutor.java:617)
	at java.lang.Thread.run(Thread.java:745)
	at sun.rmi.transport.StreamRemoteCall.exceptionReceivedFromServer(StreamRemoteCall.java:276)
	at sun.rmi.transport.StreamRemoteCall.executeCall(StreamRemoteCall.java:253)
	at sun.rmi.server.UnicastRef.invoke(UnicastRef.java:162)
	at java.rmi.server.RemoteObjectInvocationHandler.invokeRemoteMethod(RemoteObjectInvocationHandler.java:227)
	at java.rmi.server.RemoteObjectInvocationHandler.invoke(RemoteObjectInvocationHandler.java:179)
	at com.sun.proxy.$Proxy108.executeUpdate(Unknown Source)
	at sun.reflect.NativeMethodAccessorImpl.invoke0(Native Method)
	at sun.reflect.NativeMethodAccessorImpl.invoke(NativeMethodAccessorImpl.java:62)
	at sun.reflect.DelegatingMethodAccessorImpl.invoke(DelegatingMethodAccessorImpl.java:43)
	at java.lang.reflect.Method.invoke(Method.java:498)
	at com.intellij.execution.rmi.RemoteUtil.invokeRemote(RemoteUtil.java:169)
	at com.intellij.execution.rmi.RemoteUtil.access$300(RemoteUtil.java:36)
	at com.intellij.execution.rmi.RemoteUtil$RemoteInvocationHandler.invoke(RemoteUtil.java:274)
	at com.sun.proxy.$Proxy109.executeUpdate(Unknown Source)
	at com.intellij.database.view.DatabaseRefactoringHandler.executeQueries(DatabaseRefactoringHandler.java:91)
	at com.intellij.database.view.DatabaseRefactoringHandler.access$000(DatabaseRefactoringHandler.java:21)
	at com.intellij.database.view.DatabaseRefactoringHandler$RefactoringExecutor.execute(DatabaseRefactoringHandler.java:70)
	at com.intellij.database.view.AbstractDatabaseModifier$1.run(AbstractDatabaseModifier.java:101)
	at com.intellij.openapi.progress.impl.CoreProgressManager$TaskRunnable.run(CoreProgressManager.java:635)
	at com.intellij.openapi.progress.impl.CoreProgressManager$3.run(CoreProgressManager.java:170)
	at com.intellij.openapi.progress.impl.CoreProgressManager.a(CoreProgressManager.java:494)
	at com.intellij.openapi.progress.impl.CoreProgressManager.executeProcessUnderProgress(CoreProgressManager.java:443)
	at com.intellij.openapi.progress.impl.ProgressManagerImpl.executeProcessUnderProgress(ProgressManagerImpl.java:54)
	at com.intellij.openapi.progress.impl.CoreProgressManager.runProcess(CoreProgressManager.java:155)
	at com.intellij.openapi.progress.impl.ProgressManagerImpl$1.run(ProgressManagerImpl.java:128)
	at com.intellij.openapi.application.impl.ApplicationImpl$2.run(ApplicationImpl.java:307)
	at java.util.concurrent.Executors$RunnableAdapter.call(Executors.java:511)
	at java.util.concurrent.FutureTask.run(FutureTask.java:266)
	at java.util.concurrent.ThreadPoolExecutor.runWorker(ThreadPoolExecutor.java:1142)
	at java.util.concurrent.ThreadPoolExecutor$Worker.run(ThreadPoolExecutor.java:617)
	at java.lang.Thread.run(Thread.java:745)
[8532649]   WARN - pl.local.NativeFileWatcherImpl - Watcher terminated with exit code 130 
